#
# There is insufficient memory for the Java Runtime Environment to continue.
# Native memory allocation (mmap) failed to map 65536 bytes. Error detail: Failed to commit metaspace.
# Possible reasons:
#   The system is out of physical RAM or swap space
#   This process is running with CompressedOops enabled, and the Java Heap may be blocking the growth of the native heap
# Possible solutions:
#   Reduce memory load on the system
#   Increase physical memory or swap space
#   Check if swap backing store is full
#   Decrease Java heap size (-Xmx/-Xms)
#   Decrease number of Java threads
#   Decrease Java thread stack sizes (-Xss)
#   Set larger code cache with -XX:ReservedCodeCacheSize=
#   JVM is running with Zero Based Compressed Oops mode in which the Java heap is
#     placed in the first 32GB address space. The Java Heap base address is the
#     maximum limit for the native heap growth. Please use -XX:HeapBaseMinAddress
#     to set the Java Heap base and to place the Java Heap above 32GB virtual address.
# This output file may be truncated or incomplete.
#
#  Out of Memory Error (virtualSpaceNode.cpp:112), pid=23420, tid=71688
#
# JRE version: OpenJDK Runtime Environment Temurin-21.0.3+9 (21.0.3+9) (build 21.0.3+9-LTS)
# Java VM: OpenJDK 64-Bit Server VM Temurin-21.0.3+9 (21.0.3+9-LTS, mixed mode, tiered, compressed oops, compressed class ptrs, g1 gc, windows-amd64)
# No core dump will be written. Minidumps are not enabled by default on client versions of Windows
#

---------------  S U M M A R Y ------------

Command Line: -Dfile.encoding=UTF-8 -Dstdout.encoding=UTF-8 -Dstderr.encoding=UTF-8 -XX:+ShowCodeDetailsInExceptionMessages university_management_system.Project

Host: 12th Gen Intel(R) Core(TM) i5-12450H, 12 cores, 15G,  Windows 11 , 64 bit Build 22621 (10.0.22621.4391)
Time: Wed Jan 29 17:27:13 2025 Bangladesh Standard Time elapsed time: 0.176119 seconds (0d 0h 0m 0s)

---------------  T H R E A D  ---------------

Current thread (0x0000019d4f1ab330):  JavaThread "main"             [_thread_in_vm, id=71688, stack(0x000000450f500000,0x000000450f600000) (1024K)]

Stack: [0x000000450f500000,0x000000450f600000]
Native frames: (J=compiled Java code, j=interpreted, Vv=VM code, C=native code)
V  [jvm.dll+0x6c8699]
V  [jvm.dll+0x8a2061]
V  [jvm.dll+0x8a458e]
V  [jvm.dll+0x8a4c63]
V  [jvm.dll+0x27e476]
V  [jvm.dll+0x89ddae]
V  [jvm.dll+0x66b525]
V  [jvm.dll+0x66b58a]
V  [jvm.dll+0x66dd72]
V  [jvm.dll+0x66dc42]
V  [jvm.dll+0x66befe]
V  [jvm.dll+0x6761a7]
V  [jvm.dll+0x214dbd]
V  [jvm.dll+0x21533a]
V  [jvm.dll+0x215d65]
V  [jvm.dll+0x20b32e]
V  [jvm.dll+0x5a9c8c]
V  [jvm.dll+0x21c9ba]
V  [jvm.dll+0x81adc1]
V  [jvm.dll+0x81bdf4]
V  [jvm.dll+0x81c3ad]
V  [jvm.dll+0x81c048]
V  [jvm.dll+0x26bc0b]
V  [jvm.dll+0x3d086e]
C  0x0000019d5c4ba994

The last pc belongs to new (printed below).
Java frames: (J=compiled Java code, j=interpreted, Vv=VM code)
j  sun.java2d.SunGraphicsEnvironment.<init>()V+21 java.desktop@21.0.3
j  sun.awt.Win32GraphicsEnvironment.<init>()V+1 java.desktop@21.0.3
j  sun.awt.PlatformGraphicsInfo.createGE()Ljava/awt/GraphicsEnvironment;+4 java.desktop@21.0.3
j  java.awt.GraphicsEnvironment$LocalGE.createGE()Ljava/awt/GraphicsEnvironment;+0 java.desktop@21.0.3
j  java.awt.GraphicsEnvironment$LocalGE.<clinit>()V+0 java.desktop@21.0.3
v  ~StubRoutines::call_stub 0x0000019d5c4a100d
j  java.awt.GraphicsEnvironment.getLocalGraphicsEnvironment()Ljava/awt/GraphicsEnvironment;+0 java.desktop@21.0.3
j  java.awt.Window.initGC(Ljava/awt/GraphicsConfiguration;)Ljava/awt/GraphicsConfiguration;+7 java.desktop@21.0.3
j  java.awt.Window.init(Ljava/awt/GraphicsConfiguration;)V+45 java.desktop@21.0.3
j  java.awt.Window.<init>()V+114 java.desktop@21.0.3
j  java.awt.Frame.<init>(Ljava/lang/String;)V+1 java.desktop@21.0.3
j  java.awt.Frame.<init>()V+3 java.desktop@21.0.3
j  javax.swing.JFrame.<init>()V+1 java.desktop@21.0.3
j  university_management_system.Project.<init>()V+1
j  university_management_system.Project.main([Ljava/lang/String;)V+3
v  ~StubRoutines::call_stub 0x0000019d5c4a100d
new  187 new  [0x0000019d5c4ba800, 0x0000019d5c4baa08]  520 bytes
[MachCode]
  0x0000019d5c4ba800: 4883 ec08 | c5fa 1104 | 24eb 1f48 | 83ec 10c5 | fb11 0424 | eb14 4883 | ec10 4889 | 0424 48c7 
  0x0000019d5c4ba820: 4424 0800 | 0000 00eb | 0150 410f | b755 010f | cac1 ea10 | 488b 4de8 | 488b 4908 | 488b 4908 
  0x0000019d5c4ba840: 488b 4108 | 807c 1004 | 070f 85d3 | 0000 0066 | 8b54 d148 | 488b 4928 | 488b 4cd1 | 0851 80b9 
  0x0000019d5c4ba860: 2001 0000 | 050f 85b6 | 0000 008b | 5108 f6c2 | 010f 85aa | 0000 0049 | 8b87 b801 | 0000 488d 
  0x0000019d5c4ba880: 1c10 493b | 9fc8 0100 | 000f 8792 | 0000 0049 | 899f b801 | 0000 4883 | ea10 0f84 | 0f00 0000 
  0x0000019d5c4ba8a0: 33c9 c1ea | 0348 894c | d008 48ff | ca75 f648 | c700 0100 | 0000 5933 | f689 700c | 49ba 0000 
  0x0000019d5c4ba8c0: 0000 0800 | 0000 492b | ca89 4808 | 49ba 199a | 09aa f87f | 0000 4180 | 3a00 0f84 | 3c00 0000 
  0x0000019d5c4ba8e0: 5048 8bc8 | 4883 ec20 | 40f6 c40f | 0f84 1900 | 0000 4883 | ec08 48b8 | 70f1 b3a9 | f87f 0000 
  0x0000019d5c4ba900: ffd0 4883 | c408 e90c | 0000 0048 | b870 f1b3 | a9f8 7f00 | 00ff d048 | 83c4 2058 | e9cb 0000 
  0x0000019d5c4ba920: 0059 488b | 55e8 488b | 5208 488b | 5208 450f | b745 0141 | 0fc8 41c1 | e810 e805 | 0000 00e9 
  0x0000019d5c4ba940: a800 0000 | 488d 4424 | 084c 896d | c049 8bcf | c5f8 7749 | 89af a803 | 0000 4989 | 8798 0300 
  0x0000019d5c4ba960: 0048 83ec | 2040 f6c4 | 0f0f 8419 | 0000 0048 | 83ec 0848 | b820 087e | a9f8 7f00 | 00ff d048 
  0x0000019d5c4ba980: 83c4 08e9 | 0c00 0000 | 48b8 2008 | 7ea9 f87f | 0000 ffd0 | 4883 c420 | 49c7 8798 | 0300 0000 
  0x0000019d5c4ba9a0: 0000 0049 | c787 a803 | 0000 0000 | 0000 49c7 | 87a0 0300 | 0000 0000 | 00c5 f877 | 4983 7f08 
  0x0000019d5c4ba9c0: 000f 8405 | 0000 00e9 | 3465 feff | 498b 87f0 | 0300 0049 | c787 f003 | 0000 0000 | 0000 4c8b 
  0x0000019d5c4ba9e0: 6dc0 4c8b | 75c8 4e8d | 74f5 00c3 | 410f b65d | 0349 83c5 | 0349 ba20 | 5b0c aaf8 | 7f00 0041 
  0x0000019d5c4baa00: ff24 da0f | 1f44 0000 
[/MachCode]

---------------  P R O C E S S  ---------------

Threads class SMR info:
_java_thread_list=0x0000019d6c267450, length=11, elements={
0x0000019d4f1ab330, 0x0000019d6c0e1810, 0x0000019d6c0e2470, 0x0000019d6c0ed950,
0x0000019d6c0bf550, 0x0000019d6c0c1fc0, 0x0000019d6c0b6360, 0x0000019d6c0f0520,
0x0000019d6c0f6e20, 0x0000019d6c28f940, 0x0000019d6c290580
}

Java Threads: ( => current thread )
=>0x0000019d4f1ab330 JavaThread "main"                              [_thread_in_vm, id=71688, stack(0x000000450f500000,0x000000450f600000) (1024K)]
  0x0000019d6c0e1810 JavaThread "Reference Handler"          daemon [_thread_blocked, id=74832, stack(0x000000450fd00000,0x000000450fe00000) (1024K)]
  0x0000019d6c0e2470 JavaThread "Finalizer"                  daemon [_thread_blocked, id=71848, stack(0x000000450fe00000,0x000000450ff00000) (1024K)]
  0x0000019d6c0ed950 JavaThread "Signal Dispatcher"          daemon [_thread_blocked, id=74000, stack(0x000000450ff00000,0x0000004510000000) (1024K)]
  0x0000019d6c0bf550 JavaThread "Attach Listener"            daemon [_thread_blocked, id=43236, stack(0x0000004510000000,0x0000004510100000) (1024K)]
  0x0000019d6c0c1fc0 JavaThread "Service Thread"             daemon [_thread_blocked, id=76512, stack(0x0000004510100000,0x0000004510200000) (1024K)]
  0x0000019d6c0b6360 JavaThread "Monitor Deflation Thread"   daemon [_thread_blocked, id=73836, stack(0x0000004510200000,0x0000004510300000) (1024K)]
  0x0000019d6c0f0520 JavaThread "C2 CompilerThread0"         daemon [_thread_blocked, id=67576, stack(0x0000004510300000,0x0000004510400000) (1024K)]
  0x0000019d6c0f6e20 JavaThread "C1 CompilerThread0"         daemon [_thread_blocked, id=75748, stack(0x0000004510400000,0x0000004510500000) (1024K)]
  0x0000019d6c28f940 JavaThread "Notification Thread"        daemon [_thread_blocked, id=74596, stack(0x0000004510500000,0x0000004510600000) (1024K)]
  0x0000019d6c290580 JavaThread "Common-Cleaner"             daemon [_thread_blocked, id=76256, stack(0x0000004510600000,0x0000004510700000) (1024K)]
Total: 11

Other Threads:
  0x0000019d6c026a50 VMThread "VM Thread"                           [id=76520, stack(0x000000450fc00000,0x000000450fd00000) (1024K)]
  0x0000019d6b73e000 WatcherThread "VM Periodic Task Thread"        [id=75160, stack(0x000000450fb00000,0x000000450fc00000) (1024K)]
  0x0000019d514d3240 WorkerThread "GC Thread#0"                     [id=75040, stack(0x000000450f600000,0x000000450f700000) (1024K)]
  0x0000019d51522010 ConcurrentGCThread "G1 Main Marker"            [id=30000, stack(0x000000450f700000,0x000000450f800000) (1024K)]
  0x0000019d51522a20 WorkerThread "G1 Conc#0"                       [id=70144, stack(0x000000450f800000,0x000000450f900000) (1024K)]
  0x0000019d6b6121e0 ConcurrentGCThread "G1 Refine#0"               [id=76484, stack(0x000000450f900000,0x000000450fa00000) (1024K)]
  0x0000019d6b612c60 ConcurrentGCThread "G1 Service"                [id=75140, stack(0x000000450fa00000,0x000000450fb00000) (1024K)]
Total: 7

Threads with active compile tasks:
Total: 0

VM state: not at safepoint (normal execution)

VM Mutex/Monitor currently owned by a thread:  ([mutex/lock_event])
[0x00007ff8aa0b00a8] Metaspace_lock - owner thread: 0x0000019d4f1ab330

Heap address: 0x0000000704800000, size: 4024 MB, Compressed Oops mode: Zero based, Oop shift amount: 3

CDS archive(s) not mapped
Compressed class space mapped at: 0x0000000800000000-0x0000000840000000, reserved size: 1073741824
Narrow klass base: 0x0000000800000000, Narrow klass shift: 0, Narrow klass range: 0x40000000

GC Precious Log:
 CardTable entry size: 512
 Card Set container configuration: InlinePtr #cards 4 size 8 Array Of Cards #cards 16 size 48 Howl #buckets 8 coarsen threshold 3686 Howl Bitmap #cards 512 size 80 coarsen threshold 460 Card regions per heap region 1 cards per card region 4096
 CPUs: 12 total, 12 available
 Memory: 16088M
 Large Page Support: Disabled
 NUMA Support: Disabled
 Compressed Oops: Enabled (Zero based)
 Heap Region Size: 2M
 Heap Min Capacity: 8M
 Heap Initial Capacity: 252M
 Heap Max Capacity: 4024M
 Pre-touch: Disabled
 Parallel Workers: 10
 Concurrent Workers: 3
 Concurrent Refinement Workers: 10
 Periodic GC: Disabled

Heap:
 garbage-first heap   total 258048K, used 2048K [0x0000000704800000, 0x0000000800000000)
  region size 2048K, 2 young (4096K), 0 survivors (0K)
 Metaspace       used 9437K, committed 9600K, reserved 1114112K
  class space    used 806K, committed 896K, reserved 1048576K

Heap Regions: E=young(eden), S=young(survivor), O=old, HS=humongous(starts), HC=humongous(continues), CS=collection set, F=free, TAMS=top-at-mark-start, PB=parsable bottom
|   0|0x0000000704800000, 0x0000000704800000, 0x0000000704a00000|  0%| F|  |TAMS 0x0000000704800000| PB 0x0000000704800000| Untracked 
|   1|0x0000000704a00000, 0x0000000704a00000, 0x0000000704c00000|  0%| F|  |TAMS 0x0000000704a00000| PB 0x0000000704a00000| Untracked 
|   2|0x0000000704c00000, 0x0000000704c00000, 0x0000000704e00000|  0%| F|  |TAMS 0x0000000704c00000| PB 0x0000000704c00000| Untracked 
|   3|0x0000000704e00000, 0x0000000704e00000, 0x0000000705000000|  0%| F|  |TAMS 0x0000000704e00000| PB 0x0000000704e00000| Untracked 
|   4|0x0000000705000000, 0x0000000705000000, 0x0000000705200000|  0%| F|  |TAMS 0x0000000705000000| PB 0x0000000705000000| Untracked 
|   5|0x0000000705200000, 0x0000000705200000, 0x0000000705400000|  0%| F|  |TAMS 0x0000000705200000| PB 0x0000000705200000| Untracked 
|   6|0x0000000705400000, 0x0000000705400000, 0x0000000705600000|  0%| F|  |TAMS 0x0000000705400000| PB 0x0000000705400000| Untracked 
|   7|0x0000000705600000, 0x0000000705600000, 0x0000000705800000|  0%| F|  |TAMS 0x0000000705600000| PB 0x0000000705600000| Untracked 
|   8|0x0000000705800000, 0x0000000705800000, 0x0000000705a00000|  0%| F|  |TAMS 0x0000000705800000| PB 0x0000000705800000| Untracked 
|   9|0x0000000705a00000, 0x0000000705a00000, 0x0000000705c00000|  0%| F|  |TAMS 0x0000000705a00000| PB 0x0000000705a00000| Untracked 
|  10|0x0000000705c00000, 0x0000000705c00000, 0x0000000705e00000|  0%| F|  |TAMS 0x0000000705c00000| PB 0x0000000705c00000| Untracked 
|  11|0x0000000705e00000, 0x0000000705e00000, 0x0000000706000000|  0%| F|  |TAMS 0x0000000705e00000| PB 0x0000000705e00000| Untracked 
|  12|0x0000000706000000, 0x0000000706000000, 0x0000000706200000|  0%| F|  |TAMS 0x0000000706000000| PB 0x0000000706000000| Untracked 
|  13|0x0000000706200000, 0x0000000706200000, 0x0000000706400000|  0%| F|  |TAMS 0x0000000706200000| PB 0x0000000706200000| Untracked 
|  14|0x0000000706400000, 0x0000000706400000, 0x0000000706600000|  0%| F|  |TAMS 0x0000000706400000| PB 0x0000000706400000| Untracked 
|  15|0x0000000706600000, 0x0000000706600000, 0x0000000706800000|  0%| F|  |TAMS 0x0000000706600000| PB 0x0000000706600000| Untracked 
|  16|0x0000000706800000, 0x0000000706800000, 0x0000000706a00000|  0%| F|  |TAMS 0x0000000706800000| PB 0x0000000706800000| Untracked 
|  17|0x0000000706a00000, 0x0000000706a00000, 0x0000000706c00000|  0%| F|  |TAMS 0x0000000706a00000| PB 0x0000000706a00000| Untracked 
|  18|0x0000000706c00000, 0x0000000706c00000, 0x0000000706e00000|  0%| F|  |TAMS 0x0000000706c00000| PB 0x0000000706c00000| Untracked 
|  19|0x0000000706e00000, 0x0000000706e00000, 0x0000000707000000|  0%| F|  |TAMS 0x0000000706e00000| PB 0x0000000706e00000| Untracked 
|  20|0x0000000707000000, 0x0000000707000000, 0x0000000707200000|  0%| F|  |TAMS 0x0000000707000000| PB 0x0000000707000000| Untracked 
|  21|0x0000000707200000, 0x0000000707200000, 0x0000000707400000|  0%| F|  |TAMS 0x0000000707200000| PB 0x0000000707200000| Untracked 
|  22|0x0000000707400000, 0x0000000707400000, 0x0000000707600000|  0%| F|  |TAMS 0x0000000707400000| PB 0x0000000707400000| Untracked 
|  23|0x0000000707600000, 0x0000000707600000, 0x0000000707800000|  0%| F|  |TAMS 0x0000000707600000| PB 0x0000000707600000| Untracked 
|  24|0x0000000707800000, 0x0000000707800000, 0x0000000707a00000|  0%| F|  |TAMS 0x0000000707800000| PB 0x0000000707800000| Untracked 
|  25|0x0000000707a00000, 0x0000000707a00000, 0x0000000707c00000|  0%| F|  |TAMS 0x0000000707a00000| PB 0x0000000707a00000| Untracked 
|  26|0x0000000707c00000, 0x0000000707c00000, 0x0000000707e00000|  0%| F|  |TAMS 0x0000000707c00000| PB 0x0000000707c00000| Untracked 
|  27|0x0000000707e00000, 0x0000000707e00000, 0x0000000708000000|  0%| F|  |TAMS 0x0000000707e00000| PB 0x0000000707e00000| Untracked 
|  28|0x0000000708000000, 0x0000000708000000, 0x0000000708200000|  0%| F|  |TAMS 0x0000000708000000| PB 0x0000000708000000| Untracked 
|  29|0x0000000708200000, 0x0000000708200000, 0x0000000708400000|  0%| F|  |TAMS 0x0000000708200000| PB 0x0000000708200000| Untracked 
|  30|0x0000000708400000, 0x0000000708400000, 0x0000000708600000|  0%| F|  |TAMS 0x0000000708400000| PB 0x0000000708400000| Untracked 
|  31|0x0000000708600000, 0x0000000708600000, 0x0000000708800000|  0%| F|  |TAMS 0x0000000708600000| PB 0x0000000708600000| Untracked 
|  32|0x0000000708800000, 0x0000000708800000, 0x0000000708a00000|  0%| F|  |TAMS 0x0000000708800000| PB 0x0000000708800000| Untracked 
|  33|0x0000000708a00000, 0x0000000708a00000, 0x0000000708c00000|  0%| F|  |TAMS 0x0000000708a00000| PB 0x0000000708a00000| Untracked 
|  34|0x0000000708c00000, 0x0000000708c00000, 0x0000000708e00000|  0%| F|  |TAMS 0x0000000708c00000| PB 0x0000000708c00000| Untracked 
|  35|0x0000000708e00000, 0x0000000708e00000, 0x0000000709000000|  0%| F|  |TAMS 0x0000000708e00000| PB 0x0000000708e00000| Untracked 
|  36|0x0000000709000000, 0x0000000709000000, 0x0000000709200000|  0%| F|  |TAMS 0x0000000709000000| PB 0x0000000709000000| Untracked 
|  37|0x0000000709200000, 0x0000000709200000, 0x0000000709400000|  0%| F|  |TAMS 0x0000000709200000| PB 0x0000000709200000| Untracked 
|  38|0x0000000709400000, 0x0000000709400000, 0x0000000709600000|  0%| F|  |TAMS 0x0000000709400000| PB 0x0000000709400000| Untracked 
|  39|0x0000000709600000, 0x0000000709600000, 0x0000000709800000|  0%| F|  |TAMS 0x0000000709600000| PB 0x0000000709600000| Untracked 
|  40|0x0000000709800000, 0x0000000709800000, 0x0000000709a00000|  0%| F|  |TAMS 0x0000000709800000| PB 0x0000000709800000| Untracked 
|  41|0x0000000709a00000, 0x0000000709a00000, 0x0000000709c00000|  0%| F|  |TAMS 0x0000000709a00000| PB 0x0000000709a00000| Untracked 
|  42|0x0000000709c00000, 0x0000000709c00000, 0x0000000709e00000|  0%| F|  |TAMS 0x0000000709c00000| PB 0x0000000709c00000| Untracked 
|  43|0x0000000709e00000, 0x0000000709e00000, 0x000000070a000000|  0%| F|  |TAMS 0x0000000709e00000| PB 0x0000000709e00000| Untracked 
|  44|0x000000070a000000, 0x000000070a000000, 0x000000070a200000|  0%| F|  |TAMS 0x000000070a000000| PB 0x000000070a000000| Untracked 
|  45|0x000000070a200000, 0x000000070a200000, 0x000000070a400000|  0%| F|  |TAMS 0x000000070a200000| PB 0x000000070a200000| Untracked 
|  46|0x000000070a400000, 0x000000070a400000, 0x000000070a600000|  0%| F|  |TAMS 0x000000070a400000| PB 0x000000070a400000| Untracked 
|  47|0x000000070a600000, 0x000000070a600000, 0x000000070a800000|  0%| F|  |TAMS 0x000000070a600000| PB 0x000000070a600000| Untracked 
|  48|0x000000070a800000, 0x000000070a800000, 0x000000070aa00000|  0%| F|  |TAMS 0x000000070a800000| PB 0x000000070a800000| Untracked 
|  49|0x000000070aa00000, 0x000000070aa00000, 0x000000070ac00000|  0%| F|  |TAMS 0x000000070aa00000| PB 0x000000070aa00000| Untracked 
|  50|0x000000070ac00000, 0x000000070ac00000, 0x000000070ae00000|  0%| F|  |TAMS 0x000000070ac00000| PB 0x000000070ac00000| Untracked 
|  51|0x000000070ae00000, 0x000000070ae00000, 0x000000070b000000|  0%| F|  |TAMS 0x000000070ae00000| PB 0x000000070ae00000| Untracked 
|  52|0x000000070b000000, 0x000000070b000000, 0x000000070b200000|  0%| F|  |TAMS 0x000000070b000000| PB 0x000000070b000000| Untracked 
|  53|0x000000070b200000, 0x000000070b200000, 0x000000070b400000|  0%| F|  |TAMS 0x000000070b200000| PB 0x000000070b200000| Untracked 
|  54|0x000000070b400000, 0x000000070b400000, 0x000000070b600000|  0%| F|  |TAMS 0x000000070b400000| PB 0x000000070b400000| Untracked 
|  55|0x000000070b600000, 0x000000070b600000, 0x000000070b800000|  0%| F|  |TAMS 0x000000070b600000| PB 0x000000070b600000| Untracked 
|  56|0x000000070b800000, 0x000000070b800000, 0x000000070ba00000|  0%| F|  |TAMS 0x000000070b800000| PB 0x000000070b800000| Untracked 
|  57|0x000000070ba00000, 0x000000070ba00000, 0x000000070bc00000|  0%| F|  |TAMS 0x000000070ba00000| PB 0x000000070ba00000| Untracked 
|  58|0x000000070bc00000, 0x000000070bc00000, 0x000000070be00000|  0%| F|  |TAMS 0x000000070bc00000| PB 0x000000070bc00000| Untracked 
|  59|0x000000070be00000, 0x000000070be00000, 0x000000070c000000|  0%| F|  |TAMS 0x000000070be00000| PB 0x000000070be00000| Untracked 
|  60|0x000000070c000000, 0x000000070c000000, 0x000000070c200000|  0%| F|  |TAMS 0x000000070c000000| PB 0x000000070c000000| Untracked 
|  61|0x000000070c200000, 0x000000070c200000, 0x000000070c400000|  0%| F|  |TAMS 0x000000070c200000| PB 0x000000070c200000| Untracked 
|  62|0x000000070c400000, 0x000000070c400000, 0x000000070c600000|  0%| F|  |TAMS 0x000000070c400000| PB 0x000000070c400000| Untracked 
|  63|0x000000070c600000, 0x000000070c600000, 0x000000070c800000|  0%| F|  |TAMS 0x000000070c600000| PB 0x000000070c600000| Untracked 
|  64|0x000000070c800000, 0x000000070c800000, 0x000000070ca00000|  0%| F|  |TAMS 0x000000070c800000| PB 0x000000070c800000| Untracked 
|  65|0x000000070ca00000, 0x000000070ca00000, 0x000000070cc00000|  0%| F|  |TAMS 0x000000070ca00000| PB 0x000000070ca00000| Untracked 
|  66|0x000000070cc00000, 0x000000070cc00000, 0x000000070ce00000|  0%| F|  |TAMS 0x000000070cc00000| PB 0x000000070cc00000| Untracked 
|  67|0x000000070ce00000, 0x000000070ce00000, 0x000000070d000000|  0%| F|  |TAMS 0x000000070ce00000| PB 0x000000070ce00000| Untracked 
|  68|0x000000070d000000, 0x000000070d000000, 0x000000070d200000|  0%| F|  |TAMS 0x000000070d000000| PB 0x000000070d000000| Untracked 
|  69|0x000000070d200000, 0x000000070d200000, 0x000000070d400000|  0%| F|  |TAMS 0x000000070d200000| PB 0x000000070d200000| Untracked 
|  70|0x000000070d400000, 0x000000070d400000, 0x000000070d600000|  0%| F|  |TAMS 0x000000070d400000| PB 0x000000070d400000| Untracked 
|  71|0x000000070d600000, 0x000000070d600000, 0x000000070d800000|  0%| F|  |TAMS 0x000000070d600000| PB 0x000000070d600000| Untracked 
|  72|0x000000070d800000, 0x000000070d800000, 0x000000070da00000|  0%| F|  |TAMS 0x000000070d800000| PB 0x000000070d800000| Untracked 
|  73|0x000000070da00000, 0x000000070da00000, 0x000000070dc00000|  0%| F|  |TAMS 0x000000070da00000| PB 0x000000070da00000| Untracked 
|  74|0x000000070dc00000, 0x000000070dc00000, 0x000000070de00000|  0%| F|  |TAMS 0x000000070dc00000| PB 0x000000070dc00000| Untracked 
|  75|0x000000070de00000, 0x000000070de00000, 0x000000070e000000|  0%| F|  |TAMS 0x000000070de00000| PB 0x000000070de00000| Untracked 
|  76|0x000000070e000000, 0x000000070e000000, 0x000000070e200000|  0%| F|  |TAMS 0x000000070e000000| PB 0x000000070e000000| Untracked 
|  77|0x000000070e200000, 0x000000070e200000, 0x000000070e400000|  0%| F|  |TAMS 0x000000070e200000| PB 0x000000070e200000| Untracked 
|  78|0x000000070e400000, 0x000000070e400000, 0x000000070e600000|  0%| F|  |TAMS 0x000000070e400000| PB 0x000000070e400000| Untracked 
|  79|0x000000070e600000, 0x000000070e600000, 0x000000070e800000|  0%| F|  |TAMS 0x000000070e600000| PB 0x000000070e600000| Untracked 
|  80|0x000000070e800000, 0x000000070e800000, 0x000000070ea00000|  0%| F|  |TAMS 0x000000070e800000| PB 0x000000070e800000| Untracked 
|  81|0x000000070ea00000, 0x000000070ea00000, 0x000000070ec00000|  0%| F|  |TAMS 0x000000070ea00000| PB 0x000000070ea00000| Untracked 
|  82|0x000000070ec00000, 0x000000070ec00000, 0x000000070ee00000|  0%| F|  |TAMS 0x000000070ec00000| PB 0x000000070ec00000| Untracked 
|  83|0x000000070ee00000, 0x000000070ee00000, 0x000000070f000000|  0%| F|  |TAMS 0x000000070ee00000| PB 0x000000070ee00000| Untracked 
|  84|0x000000070f000000, 0x000000070f000000, 0x000000070f200000|  0%| F|  |TAMS 0x000000070f000000| PB 0x000000070f000000| Untracked 
|  85|0x000000070f200000, 0x000000070f200000, 0x000000070f400000|  0%| F|  |TAMS 0x000000070f200000| PB 0x000000070f200000| Untracked 
|  86|0x000000070f400000, 0x000000070f400000, 0x000000070f600000|  0%| F|  |TAMS 0x000000070f400000| PB 0x000000070f400000| Untracked 
|  87|0x000000070f600000, 0x000000070f600000, 0x000000070f800000|  0%| F|  |TAMS 0x000000070f600000| PB 0x000000070f600000| Untracked 
|  88|0x000000070f800000, 0x000000070f800000, 0x000000070fa00000|  0%| F|  |TAMS 0x000000070f800000| PB 0x000000070f800000| Untracked 
|  89|0x000000070fa00000, 0x000000070fa00000, 0x000000070fc00000|  0%| F|  |TAMS 0x000000070fa00000| PB 0x000000070fa00000| Untracked 
|  90|0x000000070fc00000, 0x000000070fc00000, 0x000000070fe00000|  0%| F|  |TAMS 0x000000070fc00000| PB 0x000000070fc00000| Untracked 
|  91|0x000000070fe00000, 0x000000070fe00000, 0x0000000710000000|  0%| F|  |TAMS 0x000000070fe00000| PB 0x000000070fe00000| Untracked 
|  92|0x0000000710000000, 0x0000000710000000, 0x0000000710200000|  0%| F|  |TAMS 0x0000000710000000| PB 0x0000000710000000| Untracked 
|  93|0x0000000710200000, 0x0000000710200000, 0x0000000710400000|  0%| F|  |TAMS 0x0000000710200000| PB 0x0000000710200000| Untracked 
|  94|0x0000000710400000, 0x0000000710400000, 0x0000000710600000|  0%| F|  |TAMS 0x0000000710400000| PB 0x0000000710400000| Untracked 
|  95|0x0000000710600000, 0x0000000710600000, 0x0000000710800000|  0%| F|  |TAMS 0x0000000710600000| PB 0x0000000710600000| Untracked 
|  96|0x0000000710800000, 0x0000000710800000, 0x0000000710a00000|  0%| F|  |TAMS 0x0000000710800000| PB 0x0000000710800000| Untracked 
|  97|0x0000000710a00000, 0x0000000710a00000, 0x0000000710c00000|  0%| F|  |TAMS 0x0000000710a00000| PB 0x0000000710a00000| Untracked 
|  98|0x0000000710c00000, 0x0000000710c00000, 0x0000000710e00000|  0%| F|  |TAMS 0x0000000710c00000| PB 0x0000000710c00000| Untracked 
|  99|0x0000000710e00000, 0x0000000710e00000, 0x0000000711000000|  0%| F|  |TAMS 0x0000000710e00000| PB 0x0000000710e00000| Untracked 
| 100|0x0000000711000000, 0x0000000711000000, 0x0000000711200000|  0%| F|  |TAMS 0x0000000711000000| PB 0x0000000711000000| Untracked 
| 101|0x0000000711200000, 0x0000000711200000, 0x0000000711400000|  0%| F|  |TAMS 0x0000000711200000| PB 0x0000000711200000| Untracked 
| 102|0x0000000711400000, 0x0000000711400000, 0x0000000711600000|  0%| F|  |TAMS 0x0000000711400000| PB 0x0000000711400000| Untracked 
| 103|0x0000000711600000, 0x0000000711600000, 0x0000000711800000|  0%| F|  |TAMS 0x0000000711600000| PB 0x0000000711600000| Untracked 
| 104|0x0000000711800000, 0x0000000711800000, 0x0000000711a00000|  0%| F|  |TAMS 0x0000000711800000| PB 0x0000000711800000| Untracked 
| 105|0x0000000711a00000, 0x0000000711a00000, 0x0000000711c00000|  0%| F|  |TAMS 0x0000000711a00000| PB 0x0000000711a00000| Untracked 
| 106|0x0000000711c00000, 0x0000000711c00000, 0x0000000711e00000|  0%| F|  |TAMS 0x0000000711c00000| PB 0x0000000711c00000| Untracked 
| 107|0x0000000711e00000, 0x0000000711e00000, 0x0000000712000000|  0%| F|  |TAMS 0x0000000711e00000| PB 0x0000000711e00000| Untracked 
| 108|0x0000000712000000, 0x0000000712000000, 0x0000000712200000|  0%| F|  |TAMS 0x0000000712000000| PB 0x0000000712000000| Untracked 
| 109|0x0000000712200000, 0x0000000712200000, 0x0000000712400000|  0%| F|  |TAMS 0x0000000712200000| PB 0x0000000712200000| Untracked 
| 110|0x0000000712400000, 0x0000000712400000, 0x0000000712600000|  0%| F|  |TAMS 0x0000000712400000| PB 0x0000000712400000| Untracked 
| 111|0x0000000712600000, 0x0000000712600000, 0x0000000712800000|  0%| F|  |TAMS 0x0000000712600000| PB 0x0000000712600000| Untracked 
| 112|0x0000000712800000, 0x0000000712800000, 0x0000000712a00000|  0%| F|  |TAMS 0x0000000712800000| PB 0x0000000712800000| Untracked 
| 113|0x0000000712a00000, 0x0000000712a00000, 0x0000000712c00000|  0%| F|  |TAMS 0x0000000712a00000| PB 0x0000000712a00000| Untracked 
| 114|0x0000000712c00000, 0x0000000712c00000, 0x0000000712e00000|  0%| F|  |TAMS 0x0000000712c00000| PB 0x0000000712c00000| Untracked 
| 115|0x0000000712e00000, 0x0000000712e00000, 0x0000000713000000|  0%| F|  |TAMS 0x0000000712e00000| PB 0x0000000712e00000| Untracked 
| 116|0x0000000713000000, 0x0000000713000000, 0x0000000713200000|  0%| F|  |TAMS 0x0000000713000000| PB 0x0000000713000000| Untracked 
| 117|0x0000000713200000, 0x0000000713200000, 0x0000000713400000|  0%| F|  |TAMS 0x0000000713200000| PB 0x0000000713200000| Untracked 
| 118|0x0000000713400000, 0x0000000713400000, 0x0000000713600000|  0%| F|  |TAMS 0x0000000713400000| PB 0x0000000713400000| Untracked 
| 119|0x0000000713600000, 0x0000000713600000, 0x0000000713800000|  0%| F|  |TAMS 0x0000000713600000| PB 0x0000000713600000| Untracked 
| 120|0x0000000713800000, 0x0000000713800000, 0x0000000713a00000|  0%| F|  |TAMS 0x0000000713800000| PB 0x0000000713800000| Untracked 
| 121|0x0000000713a00000, 0x0000000713a00000, 0x0000000713c00000|  0%| F|  |TAMS 0x0000000713a00000| PB 0x0000000713a00000| Untracked 
| 122|0x0000000713c00000, 0x0000000713c00000, 0x0000000713e00000|  0%| F|  |TAMS 0x0000000713c00000| PB 0x0000000713c00000| Untracked 
| 123|0x0000000713e00000, 0x0000000713e00000, 0x0000000714000000|  0%| F|  |TAMS 0x0000000713e00000| PB 0x0000000713e00000| Untracked 
| 124|0x0000000714000000, 0x00000007141c31a0, 0x0000000714200000| 88%| E|  |TAMS 0x0000000714000000| PB 0x0000000714000000| Complete 
| 125|0x0000000714200000, 0x0000000714400000, 0x0000000714400000|100%| E|CS|TAMS 0x0000000714200000| PB 0x0000000714200000| Complete 

Card table byte_map: [0x0000019d64ca0000,0x0000019d65480000] _byte_map_base: 0x0000019d6147c000

Marking Bits: (CMBitMap*) 0x0000019d514d3850
 Bits: [0x0000019d65480000, 0x0000019d69360000)

Polling page: 0x0000019d4f3f0000

Metaspace:

Usage:
  Non-class:      8.43 MB used.
      Class:    806.45 KB used.
       Both:      9.22 MB used.

Virtual space:
  Non-class space:       64.00 MB reserved,       8.50 MB ( 13%) committed,  1 nodes.
      Class space:        1.00 GB reserved,     896.00 KB ( <1%) committed,  1 nodes.
             Both:        1.06 GB reserved,       9.38 MB ( <1%) committed. 

Chunk freelists:
   Non-Class:  6.98 MB
       Class:  15.08 MB
        Both:  22.07 MB

MaxMetaspaceSize: unlimited
CompressedClassSpaceSize: 1.00 GB
Initial GC threshold: 21.00 MB
Current GC threshold: 21.00 MB
CDS: off
 - commit_granule_bytes: 65536.
 - commit_granule_words: 8192.
 - virtual_space_node_default_size: 8388608.
 - enlarge_chunks_in_place: 1.
 - use_allocation_guard: 0.


Internal statistics:

num_allocs_failed_limit: 0.
num_arena_births: 90.
num_arena_deaths: 0.
num_vsnodes_births: 2.
num_vsnodes_deaths: 0.
num_space_committed: 150.
num_space_uncommitted: 0.
num_chunks_returned_to_freelist: 0.
num_chunks_taken_from_freelist: 138.
num_chunk_merges: 0.
num_chunk_splits: 69.
num_chunks_enlarged: 17.
num_inconsistent_stats: 0.

CodeHeap 'non-profiled nmethods': size=120000Kb used=105Kb max_used=105Kb free=119894Kb
 bounds [0x0000019d5ca40000, 0x0000019d5ccb0000, 0x0000019d63f70000]
CodeHeap 'profiled nmethods': size=120000Kb used=421Kb max_used=421Kb free=119578Kb
 bounds [0x0000019d54f70000, 0x0000019d551e0000, 0x0000019d5c4a0000]
CodeHeap 'non-nmethods': size=5760Kb used=1377Kb max_used=1377Kb free=4383Kb
 bounds [0x0000019d5c4a0000, 0x0000019d5c710000, 0x0000019d5ca40000]
 total_blobs=799 nmethods=322 adapters=382
 compilation: enabled
              stopped_count=0, restarted_count=0
 full_count=0

Compilation events (20 events):
Event: 0.165 Thread 0x0000019d6c0f6e20  309       3       java.util.ImmutableCollections$List12::size (16 bytes)
Event: 0.165 Thread 0x0000019d6c0f6e20 nmethod 309 0x0000019d54fd1b10 code [0x0000019d54fd1cc0, 0x0000019d54fd1e58]
Event: 0.165 Thread 0x0000019d6c0f6e20  312       3       java.lang.String::<init> (99 bytes)
Event: 0.166 Thread 0x0000019d6c0f6e20 nmethod 312 0x0000019d54fd1f10 code [0x0000019d54fd2300, 0x0000019d54fd3e70]
Event: 0.166 Thread 0x0000019d6c0f6e20  314       3       jdk.internal.org.objectweb.asm.SymbolTable::addType (81 bytes)
Event: 0.166 Thread 0x0000019d6c0f6e20 nmethod 314 0x0000019d54fd4710 code [0x0000019d54fd4920, 0x0000019d54fd4e90]
Event: 0.166 Thread 0x0000019d6c0f6e20  313       3       sun.invoke.util.Wrapper::forPrimitiveType (122 bytes)
Event: 0.167 Thread 0x0000019d6c0f6e20 nmethod 313 0x0000019d54fd5110 code [0x0000019d54fd53e0, 0x0000019d54fd5f20]
Event: 0.167 Thread 0x0000019d6c0f6e20  311       3       java.lang.StringBuilder::length (5 bytes)
Event: 0.167 Thread 0x0000019d6c0f6e20 nmethod 311 0x0000019d54fd6210 code [0x0000019d54fd63a0, 0x0000019d54fd64c0]
Event: 0.167 Thread 0x0000019d6c0f6e20  315       3       jdk.internal.org.objectweb.asm.Frame::pop (42 bytes)
Event: 0.167 Thread 0x0000019d6c0f6e20 nmethod 315 0x0000019d54fd6590 code [0x0000019d54fd6740, 0x0000019d54fd68f8]
Event: 0.167 Thread 0x0000019d6c0f6e20  319       3       jdk.internal.org.objectweb.asm.Frame::getLocal (46 bytes)
Event: 0.167 Thread 0x0000019d6c0f6e20 nmethod 319 0x0000019d54fd6a10 code [0x0000019d54fd6bc0, 0x0000019d54fd6de0]
Event: 0.167 Thread 0x0000019d6c0f6e20  310       3       java.lang.invoke.LambdaForm$Name::<init> (19 bytes)
Event: 0.167 Thread 0x0000019d6c0f6e20 nmethod 310 0x0000019d54fd6e90 code [0x0000019d54fd70c0, 0x0000019d54fd77a0]
Event: 0.167 Thread 0x0000019d6c0f6e20  318       3       java.lang.invoke.LambdaForm$NamedFunction::returnType (11 bytes)
Event: 0.167 Thread 0x0000019d6c0f6e20 nmethod 318 0x0000019d54fd7b10 code [0x0000019d54fd7d20, 0x0000019d54fd82a8]
Event: 0.169 Thread 0x0000019d6c0f6e20  322       3       java.lang.Class::getPackageName (81 bytes)
Event: 0.170 Thread 0x0000019d6c0f6e20 nmethod 322 0x0000019d54fd8510 code [0x0000019d54fd87c0, 0x0000019d54fd9258]

GC Heap History (0 events):
No events

Dll operation events (7 events):
Event: 0.005 Loaded shared library C:\Users\USER\Downloads\eclipse-java-2024-06-R-win32-x86_64\eclipse\plugins\org.eclipse.justj.openjdk.hotspot.jre.full.win32.x86_64_21.0.3.v20240426-1530\jre\bin\java.dll
Event: 0.010 Loaded shared library C:\Users\USER\Downloads\eclipse-java-2024-06-R-win32-x86_64\eclipse\plugins\org.eclipse.justj.openjdk.hotspot.jre.full.win32.x86_64_21.0.3.v20240426-1530\jre\bin\zip.dll
Event: 0.097 Loaded shared library C:\Users\USER\Downloads\eclipse-java-2024-06-R-win32-x86_64\eclipse\plugins\org.eclipse.justj.openjdk.hotspot.jre.full.win32.x86_64_21.0.3.v20240426-1530\jre\bin\jimage.dll
Event: 0.105 Loaded shared library C:\Users\USER\Downloads\eclipse-java-2024-06-R-win32-x86_64\eclipse\plugins\org.eclipse.justj.openjdk.hotspot.jre.full.win32.x86_64_21.0.3.v20240426-1530\jre\bin\net.dll
Event: 0.106 Loaded shared library C:\Users\USER\Downloads\eclipse-java-2024-06-R-win32-x86_64\eclipse\plugins\org.eclipse.justj.openjdk.hotspot.jre.full.win32.x86_64_21.0.3.v20240426-1530\jre\bin\nio.dll
Event: 0.112 Loaded shared library C:\Users\USER\Downloads\eclipse-java-2024-06-R-win32-x86_64\eclipse\plugins\org.eclipse.justj.openjdk.hotspot.jre.full.win32.x86_64_21.0.3.v20240426-1530\jre\bin\zip.dll
Event: 0.128 Loaded shared library C:\Users\USER\Downloads\eclipse-java-2024-06-R-win32-x86_64\eclipse\plugins\org.eclipse.justj.openjdk.hotspot.jre.full.win32.x86_64_21.0.3.v20240426-1530\jre\bin\awt.dll

Deoptimization events (0 events):
No events

Classes loaded (20 events):
Event: 0.169 Loading class javax/swing/event/EventListenerList done
Event: 0.169 Loading class java/awt/desktop/UserSessionEvent$Reason
Event: 0.169 Loading class java/awt/desktop/UserSessionEvent$Reason done
Event: 0.169 Loading class jdk/internal/logger/BootstrapLogger$RedirectedLoggers
Event: 0.169 Loading class jdk/internal/logger/BootstrapLogger$RedirectedLoggers done
Event: 0.169 Loading class jdk/internal/logger/SurrogateLogger
Event: 0.169 Loading class jdk/internal/logger/SimpleConsoleLogger
Event: 0.169 Loading class sun/util/logging/PlatformLogger$ConfigurableBridge$LoggerConfiguration
Event: 0.169 Loading class sun/util/logging/PlatformLogger$ConfigurableBridge$LoggerConfiguration done
Event: 0.169 Loading class jdk/internal/logger/SimpleConsoleLogger done
Event: 0.169 Loading class jdk/internal/logger/SurrogateLogger done
Event: 0.169 Loading class sun/java2d/windows/WindowsFlags
Event: 0.169 Loading class sun/java2d/windows/WindowsFlags done
Event: 0.169 Loading class sun/java2d/windows/WindowsFlags$1
Event: 0.169 Loading class sun/java2d/windows/WindowsFlags$1 done
Event: 0.174 Loading class sun/java2d/WindowsSurfaceManagerFactory
Event: 0.174 Loading class sun/java2d/SurfaceManagerFactory
Event: 0.174 Loading class sun/java2d/SurfaceManagerFactory done
Event: 0.174 Loading class sun/java2d/WindowsSurfaceManagerFactory done
Event: 0.174 Loading class sun/awt/SunDisplayChanger

Classes unloaded (0 events):
No events

Classes redefined (0 events):
No events

Internal exceptions (3 events):
Event: 0.120 Thread 0x0000019d4f1ab330 Exception <a 'java/lang/ClassNotFoundException'{0x00000007140b5070}: sun/awt/resources/spi/awtProvider> (0x00000007140b5070) 
thrown [s\src\hotspot\share\classfile\systemDictionary.cpp, line 312]
Event: 0.136 Thread 0x0000019d4f1ab330 Exception <a 'java/io/FileNotFoundException'{0x0000000714110f40}> (0x0000000714110f40) 
thrown [s\src\hotspot\share\prims\jni.cpp, line 520]
Event: 0.139 Thread 0x0000019d4f1ab330 Exception <a 'java/io/FileNotFoundException'{0x000000071413af50}> (0x000000071413af50) 
thrown [s\src\hotspot\share\prims\jni.cpp, line 520]

ZGC Phase Switch (0 events):
No events

VM Operations (2 events):
Event: 0.147 Executing VM operation: HandshakeAllThreads (Deoptimize)
Event: 0.147 Executing VM operation: HandshakeAllThreads (Deoptimize) done

Events (11 events):
Event: 0.010 Thread 0x0000019d4f1ab330 Thread added: 0x0000019d4f1ab330
Event: 0.043 Thread 0x0000019d6c0e1810 Thread added: 0x0000019d6c0e1810
Event: 0.043 Thread 0x0000019d6c0e2470 Thread added: 0x0000019d6c0e2470
Event: 0.044 Thread 0x0000019d6c0ed950 Thread added: 0x0000019d6c0ed950
Event: 0.044 Thread 0x0000019d6c0bf550 Thread added: 0x0000019d6c0bf550
Event: 0.044 Thread 0x0000019d6c0c1fc0 Thread added: 0x0000019d6c0c1fc0
Event: 0.044 Thread 0x0000019d6c0b6360 Thread added: 0x0000019d6c0b6360
Event: 0.044 Thread 0x0000019d6c0f0520 Thread added: 0x0000019d6c0f0520
Event: 0.044 Thread 0x0000019d6c0f6e20 Thread added: 0x0000019d6c0f6e20
Event: 0.068 Thread 0x0000019d6c28f940 Thread added: 0x0000019d6c28f940
Event: 0.071 Thread 0x0000019d6c290580 Thread added: 0x0000019d6c290580


Dynamic libraries:
0x00007ff635610000 - 0x00007ff63561e000 	C:\Users\USER\Downloads\eclipse-java-2024-06-R-win32-x86_64\eclipse\plugins\org.eclipse.justj.openjdk.hotspot.jre.full.win32.x86_64_21.0.3.v20240426-1530\jre\bin\javaw.exe
0x00007ff9084d0000 - 0x00007ff9086e7000 	C:\Windows\SYSTEM32\ntdll.dll
0x00007ff9079d0000 - 0x00007ff907a94000 	C:\Windows\System32\KERNEL32.DLL
0x00007ff9058f0000 - 0x00007ff905caa000 	C:\Windows\System32\KERNELBASE.dll
0x00007ff9060a0000 - 0x00007ff9061b1000 	C:\Windows\System32\ucrtbase.dll
0x00007ff8f0040000 - 0x00007ff8f0058000 	C:\Users\USER\Downloads\eclipse-java-2024-06-R-win32-x86_64\eclipse\plugins\org.eclipse.justj.openjdk.hotspot.jre.full.win32.x86_64_21.0.3.v20240426-1530\jre\bin\jli.dll
0x00007ff8ec2c0000 - 0x00007ff8ec2db000 	C:\Users\USER\Downloads\eclipse-java-2024-06-R-win32-x86_64\eclipse\plugins\org.eclipse.justj.openjdk.hotspot.jre.full.win32.x86_64_21.0.3.v20240426-1530\jre\bin\VCRUNTIME140.dll
0x00007ff908130000 - 0x00007ff9082de000 	C:\Windows\System32\USER32.dll
0x00007ff905e00000 - 0x00007ff905e26000 	C:\Windows\System32\win32u.dll
0x00007ff907210000 - 0x00007ff907239000 	C:\Windows\System32\GDI32.dll
0x00007ff8eb6b0000 - 0x00007ff8eb942000 	C:\Windows\WinSxS\amd64_microsoft.windows.common-controls_6595b64144ccf1df_6.0.22621.4541_none_2710d1c57384c085\COMCTL32.dll
0x00007ff905cb0000 - 0x00007ff905dcb000 	C:\Windows\System32\gdi32full.dll
0x00007ff905790000 - 0x00007ff90582a000 	C:\Windows\System32\msvcp_win.dll
0x00007ff907da0000 - 0x00007ff907e47000 	C:\Windows\System32\msvcrt.dll
0x00007ff907c60000 - 0x00007ff907c91000 	C:\Windows\System32\IMM32.DLL
0x00007ff8f93c0000 - 0x00007ff8f93cc000 	C:\Users\USER\Downloads\eclipse-java-2024-06-R-win32-x86_64\eclipse\plugins\org.eclipse.justj.openjdk.hotspot.jre.full.win32.x86_64_21.0.3.v20240426-1530\jre\bin\vcruntime140_1.dll
0x00007ff8ec230000 - 0x00007ff8ec2be000 	C:\Users\USER\Downloads\eclipse-java-2024-06-R-win32-x86_64\eclipse\plugins\org.eclipse.justj.openjdk.hotspot.jre.full.win32.x86_64_21.0.3.v20240426-1530\jre\bin\msvcp140.dll
0x00007ff8a9410000 - 0x00007ff8aa192000 	C:\Users\USER\Downloads\eclipse-java-2024-06-R-win32-x86_64\eclipse\plugins\org.eclipse.justj.openjdk.hotspot.jre.full.win32.x86_64_21.0.3.v20240426-1530\jre\bin\server\jvm.dll
0x00007ff907e50000 - 0x00007ff907f02000 	C:\Windows\System32\ADVAPI32.dll
0x00007ff9083e0000 - 0x00007ff908487000 	C:\Windows\System32\sechost.dll
0x00007ff905dd0000 - 0x00007ff905df8000 	C:\Windows\System32\bcrypt.dll
0x00007ff907f10000 - 0x00007ff908024000 	C:\Windows\System32\RPCRT4.dll
0x00007ff908030000 - 0x00007ff9080a1000 	C:\Windows\System32\WS2_32.dll
0x00007ff904620000 - 0x00007ff90466d000 	C:\Windows\SYSTEM32\POWRPROF.dll
0x00007ff900270000 - 0x00007ff9002a4000 	C:\Windows\SYSTEM32\WINMM.dll
0x00007ff900950000 - 0x00007ff90095a000 	C:\Windows\SYSTEM32\VERSION.dll
0x00007ff904600000 - 0x00007ff904613000 	C:\Windows\SYSTEM32\UMPDC.dll
0x00007ff9048c0000 - 0x00007ff9048d8000 	C:\Windows\SYSTEM32\kernel.appcore.dll
0x00007ff9005f0000 - 0x00007ff9005fa000 	C:\Users\USER\Downloads\eclipse-java-2024-06-R-win32-x86_64\eclipse\plugins\org.eclipse.justj.openjdk.hotspot.jre.full.win32.x86_64_21.0.3.v20240426-1530\jre\bin\jimage.dll
0x00007ff902a80000 - 0x00007ff902cb2000 	C:\Windows\SYSTEM32\DBGHELP.DLL
0x00007ff906260000 - 0x00007ff9065f1000 	C:\Windows\System32\combase.dll
0x00007ff907240000 - 0x00007ff907317000 	C:\Windows\System32\OLEAUT32.dll
0x00007ff8f92a0000 - 0x00007ff8f92d2000 	C:\Windows\SYSTEM32\dbgcore.DLL
0x00007ff906020000 - 0x00007ff90609b000 	C:\Windows\System32\bcryptPrimitives.dll
0x00007ff9002c0000 - 0x00007ff9002df000 	C:\Users\USER\Downloads\eclipse-java-2024-06-R-win32-x86_64\eclipse\plugins\org.eclipse.justj.openjdk.hotspot.jre.full.win32.x86_64_21.0.3.v20240426-1530\jre\bin\java.dll
0x00007ff9001f0000 - 0x00007ff900208000 	C:\Users\USER\Downloads\eclipse-java-2024-06-R-win32-x86_64\eclipse\plugins\org.eclipse.justj.openjdk.hotspot.jre.full.win32.x86_64_21.0.3.v20240426-1530\jre\bin\zip.dll
0x00007ff906600000 - 0x00007ff906e79000 	C:\Windows\System32\SHELL32.dll
0x00007ff9036a0000 - 0x00007ff903fa9000 	C:\Windows\SYSTEM32\windows.storage.dll
0x00007ff903560000 - 0x00007ff90369f000 	C:\Windows\SYSTEM32\wintypes.dll
0x00007ff9082e0000 - 0x00007ff9083da000 	C:\Windows\System32\SHCORE.dll
0x00007ff906200000 - 0x00007ff90625e000 	C:\Windows\System32\shlwapi.dll
0x00007ff9056c0000 - 0x00007ff9056eb000 	C:\Windows\SYSTEM32\profapi.dll
0x00007ff900440000 - 0x00007ff900450000 	C:\Users\USER\Downloads\eclipse-java-2024-06-R-win32-x86_64\eclipse\plugins\org.eclipse.justj.openjdk.hotspot.jre.full.win32.x86_64_21.0.3.v20240426-1530\jre\bin\net.dll
0x00007ff901bf0000 - 0x00007ff901d26000 	C:\Windows\SYSTEM32\WINHTTP.dll
0x00007ff904d40000 - 0x00007ff904da9000 	C:\Windows\system32\mswsock.dll
0x00007ff8f00c0000 - 0x00007ff8f00d6000 	C:\Users\USER\Downloads\eclipse-java-2024-06-R-win32-x86_64\eclipse\plugins\org.eclipse.justj.openjdk.hotspot.jre.full.win32.x86_64_21.0.3.v20240426-1530\jre\bin\nio.dll
0x00007ff8b2860000 - 0x00007ff8b29ee000 	C:\Users\USER\Downloads\eclipse-java-2024-06-R-win32-x86_64\eclipse\plugins\org.eclipse.justj.openjdk.hotspot.jre.full.win32.x86_64_21.0.3.v20240426-1530\jre\bin\awt.dll
0x00007ff900510000 - 0x00007ff9005a7000 	C:\Windows\SYSTEM32\apphelp.dll
0x00007ff902960000 - 0x00007ff90298b000 	C:\Windows\system32\DWMAPI.DLL
0x00007ff902690000 - 0x00007ff902741000 	C:\Windows\system32\uxtheme.dll

dbghelp: loaded successfully - version: 4.0.5 - missing functions: none
symbol engine: initialized successfully - sym options: 0x614 - pdb path: .;C:\Users\USER\Downloads\eclipse-java-2024-06-R-win32-x86_64\eclipse\plugins\org.eclipse.justj.openjdk.hotspot.jre.full.win32.x86_64_21.0.3.v20240426-1530\jre\bin;C:\Windows\SYSTEM32;C:\Windows\WinSxS\amd64_microsoft.windows.common-controls_6595b64144ccf1df_6.0.22621.4541_none_2710d1c57384c085;C:\Users\USER\Downloads\eclipse-java-2024-06-R-win32-x86_64\eclipse\plugins\org.eclipse.justj.openjdk.hotspot.jre.full.win32.x86_64_21.0.3.v20240426-1530\jre\bin\server

VM Arguments:
jvm_args: -Dfile.encoding=UTF-8 -Dstdout.encoding=UTF-8 -Dstderr.encoding=UTF-8 -XX:+ShowCodeDetailsInExceptionMessages 
java_command: university_management_system.Project
java_class_path (initial): C:\Users\USER\eclipse-workspace\University_Management_System\bin;C:\Users\USER\OneDrive\Documents\mysql-connector-j-9.1.0\mysql-connector-j-9.1.0\mysql-connector-j-9.1.0.jar;C:\Users\USER\Downloads\jcalendar-1.4.jar;C:\Users\USER\Downloads\rs2xml.jar
Launcher Type: SUN_STANDARD

[Global flags]
     intx CICompilerCount                          = 4                                         {product} {ergonomic}
     uint ConcGCThreads                            = 3                                         {product} {ergonomic}
     uint G1ConcRefinementThreads                  = 10                                        {product} {ergonomic}
   size_t G1HeapRegionSize                         = 2097152                                   {product} {ergonomic}
    uintx GCDrainStackTargetSize                   = 64                                        {product} {ergonomic}
   size_t InitialHeapSize                          = 264241152                                 {product} {ergonomic}
   size_t MarkStackSize                            = 4194304                                   {product} {ergonomic}
   size_t MaxHeapSize                              = 4219469824                                {product} {ergonomic}
   size_t MaxNewSize                               = 2531262464                                {product} {ergonomic}
   size_t MinHeapDeltaBytes                        = 2097152                                   {product} {ergonomic}
   size_t MinHeapSize                              = 8388608                                   {product} {ergonomic}
    uintx NonNMethodCodeHeapSize                   = 5839372                                {pd product} {ergonomic}
    uintx NonProfiledCodeHeapSize                  = 122909434                              {pd product} {ergonomic}
    uintx ProfiledCodeHeapSize                     = 122909434                              {pd product} {ergonomic}
    uintx ReservedCodeCacheSize                    = 251658240                              {pd product} {ergonomic}
     bool SegmentedCodeCache                       = true                                      {product} {ergonomic}
     bool ShowCodeDetailsInExceptionMessages       = true                                   {manageable} {command line}
   size_t SoftMaxHeapSize                          = 4219469824                             {manageable} {ergonomic}
     bool UseCompressedOops                        = true                           {product lp64_product} {ergonomic}
     bool UseG1GC                                  = true                                      {product} {ergonomic}
     bool UseLargePagesIndividualAllocation        = false                                  {pd product} {ergonomic}

Logging:
Log output configuration:
 #0: stdout all=warning uptime,level,tags foldmultilines=false
 #1: stderr all=off uptime,level,tags foldmultilines=false

Environment Variables:
JAVA_HOME=C:\Program Files\Java\jdk-22
PATH=C:/Users/USER/Downloads/eclipse-java-2024-06-R-win32-x86_64/eclipse//plugins/org.eclipse.justj.openjdk.hotspot.jre.full.win32.x86_64_21.0.3.v20240426-1530/jre/bin/server;C:/Users/USER/Downloads/eclipse-java-2024-06-R-win32-x86_64/eclipse//plugins/org.eclipse.justj.openjdk.hotspot.jre.full.win32.x86_64_21.0.3.v20240426-1530/jre/bin;C:\Program Files\Common Files\Oracle\Java\javapath;C:\Windows\system32;C:\Windows;C:\Windows\System32\Wbem;C:\Windows\System32\WindowsPowerShell\v1.0\;C:\Windows\System32\OpenSSH\;C:\Program Files (x86)\NVIDIA Corporation\PhysX\Common;C:\Program Files\NVIDIA Corporation\NVIDIA NvDLISR;C:\MinGW\bin;C:\Program Files\Common Files\Oracle\Java\javapath;C:\Windows\system32;C:\Windows;C:\Windows\System32\Wbem;C:\Windows\System32\WindowsPowerShell\v1.0\;C:\Windows\System32\OpenSSH\;C:\Program Files (x86)\NVIDIA Corporation\PhysX\Common;C:\Program Files\NVIDIA Corporation\NVIDIA NvDLISR;C:\MinGW\bin;;C:\Users\USER\Downloads\mysql-connector-j-9.1.0;C:\msys64\ucrt64\bin;C:\Users\USER\AppData\Local\Programs\Microsoft VS Code\bin;C:\msys64\ucrt64\bin;;C:\Users\USER\Downloads\eclipse-java-2024-06-R-win32-x86_64\eclipse;
USERNAME=USER
OS=Windows_NT
PROCESSOR_IDENTIFIER=Intel64 Family 6 Model 154 Stepping 3, GenuineIntel
TMP=C:\Users\USER\AppData\Local\Temp
TEMP=C:\Users\USER\AppData\Local\Temp




Periodic native trim disabled

---------------  S Y S T E M  ---------------

OS:
 Windows 11 , 64 bit Build 22621 (10.0.22621.4391)
OS uptime: 4 days 21:10 hours
Hyper-V role detected

CPU: total 12 (initial active 12) (6 cores per cpu, 2 threads per core) family 6 model 154 stepping 3 microcode 0x42a, cx8, cmov, fxsr, ht, mmx, 3dnowpref, sse, sse2, sse3, ssse3, sse4.1, sse4.2, popcnt, lzcnt, tsc, tscinvbit, avx, avx2, aes, erms, clmul, bmi1, bmi2, adx, sha, fma, vzeroupper, clflush, clflushopt, clwb, hv, serialize, rdtscp, rdpid, fsrm, f16c, cet_ibt, cet_ss
Processor Information for processor 0
  Max Mhz: 2000, Current Mhz: 2000, Mhz Limit: 2000
Processor Information for processor 1
  Max Mhz: 2000, Current Mhz: 2000, Mhz Limit: 2000
Processor Information for processor 2
  Max Mhz: 2000, Current Mhz: 2000, Mhz Limit: 2000
Processor Information for processor 3
  Max Mhz: 2000, Current Mhz: 2000, Mhz Limit: 2000
Processor Information for processor 4
  Max Mhz: 2000, Current Mhz: 2000, Mhz Limit: 2000
Processor Information for processor 5
  Max Mhz: 2000, Current Mhz: 2000, Mhz Limit: 2000
Processor Information for processor 6
  Max Mhz: 2000, Current Mhz: 2000, Mhz Limit: 2000
Processor Information for processor 7
  Max Mhz: 2000, Current Mhz: 1520, Mhz Limit: 2000
Processor Information for processor 8
  Max Mhz: 2000, Current Mhz: 1500, Mhz Limit: 1500
Processor Information for processor 9
  Max Mhz: 2000, Current Mhz: 1500, Mhz Limit: 1500
Processor Information for processor 10
  Max Mhz: 2000, Current Mhz: 1500, Mhz Limit: 1500
Processor Information for processor 11
  Max Mhz: 2000, Current Mhz: 1500, Mhz Limit: 1500

Memory: 4k page, system-wide physical 16088M (3210M free)
TotalPageFile size 31479M (AvailPageFile size 4M)
current process WorkingSet (physical memory assigned to process): 44M, peak: 44M
current process commit charge ("private bytes"): 340M, peak: 340M

vm_info: OpenJDK 64-Bit Server VM (21.0.3+9-LTS) for windows-amd64 JRE (21.0.3+9-LTS), built on 2024-04-16T00:00:00Z by "admin" with MS VC++ 17.7 (VS2022)

END.
